2025-09-02T13:27:28.436828218Z [inf]  
2025-09-02T13:27:30.915873467Z [inf]  [35m[Region: asia-southeast1][0m
2025-09-02T13:27:30.919238757Z [inf]  [35m==============
2025-09-02T13:27:30.919282643Z [inf]  Using Nixpacks
2025-09-02T13:27:30.919287860Z [inf]  ==============
2025-09-02T13:27:30.919291535Z [inf]  [0m
2025-09-02T13:27:30.919404965Z [inf]  context: szcx-KUzB
2025-09-02T13:27:30.937949473Z [err]  Nixpacks build failed
2025-09-02T13:27:30.937998137Z [err]  
2025-09-02T13:27:30.938005570Z [err]  
2025-09-02T13:27:30.938009569Z [err]  â•”â•â•â•â•â•â•â•â• Nixpacks v1.38.0 â•â•â•â•â•â•â•â•—
2025-09-02T13:27:30.938015639Z [err]  â•‘ setup      â”‚ nodejs_18, npm-9_x â•‘
2025-09-02T13:27:30.938022435Z [err]  â•‘â”€â”€â”€â”€â”€â”€â”€â”€â”€â”€â”€â”€â”€â”€â”€â”€â”€â”€â”€â”€â”€â”€â”€â”€â”€â”€â”€â”€â”€â”€â”€â”€â”€â•‘
2025-09-02T13:27:30.938026229Z [err]  â•‘ install    â”‚ npm ci             â•‘
2025-09-02T13:27:30.938030151Z [err]  â•‘â”€â”€â”€â”€â”€â”€â”€â”€â”€â”€â”€â”€â”€â”€â”€â”€â”€â”€â”€â”€â”€â”€â”€â”€â”€â”€â”€â”€â”€â”€â”€â”€â”€â•‘
2025-09-02T13:27:30.938034059Z [err]  â•‘ start      â”‚                    â•‘
2025-09-02T13:27:30.938037751Z [err]  â•šâ•â•â•â•â•â•â•â•â•â•â•â•â•â•â•â•â•â•â•â•â•â•â•â•â•â•â•â•â•â•â•â•â•â•
2025-09-02T13:27:30.938041489Z [err]  
2025-09-02T13:27:30.938047758Z [err]  Error: No start command could be found
2025-09-02T13:27:30.938051537Z [err]  